{
  "RSpec": {
    "coverage": {
      "/Users/CK/projects/rails/brew_chat/config/environment.rb": [
        null,
        1,
        null,
        null,
        1
      ],
      "/Users/CK/projects/rails/brew_chat/config/application.rb": [
        1,
        null,
        1,
        null,
        1,
        null,
        1,
        null,
        null,
        null,
        null,
        1,
        1,
        null,
        null,
        null,
        null,
        null,
        null,
        null,
        null,
        null,
        null,
        null,
        null,
        null,
        null,
        null,
        null,
        null,
        null,
        null,
        null,
        null,
        null,
        null,
        1,
        null,
        null,
        1,
        null,
        null,
        1,
        null,
        null,
        1,
        null,
        null
      ],
      "/Users/CK/projects/rails/brew_chat/config/boot.rb": [
        1,
        null,
        null,
        1,
        null,
        1
      ],
      "/Users/CK/projects/rails/brew_chat/config/environments/test.rb": [
        1,
        null,
        null,
        null,
        null,
        null,
        null,
        1,
        null,
        null,
        1,
        1,
        null,
        null,
        1,
        null,
        null,
        1,
        1,
        null,
        null,
        1,
        null,
        null,
        1,
        null,
        null,
        null,
        null,
        1,
        null,
        null,
        null,
        null,
        null,
        null,
        null,
        1,
        null,
        null,
        1,
        null
      ],
      "/Users/CK/projects/rails/brew_chat/config/initializers/backtrace_silencers.rb": [
        null,
        null,
        null,
        null,
        null,
        null,
        null
      ],
      "/Users/CK/projects/rails/brew_chat/config/initializers/inflections.rb": [
        null,
        null,
        null,
        null,
        null,
        null,
        null,
        null,
        null,
        null
      ],
      "/Users/CK/projects/rails/brew_chat/config/initializers/mime_types.rb": [
        null,
        null,
        null,
        null,
        null
      ],
      "/Users/CK/projects/rails/brew_chat/config/initializers/secret_token.rb": [
        null,
        null,
        null,
        null,
        null,
        null,
        1
      ],
      "/Users/CK/projects/rails/brew_chat/config/initializers/session_store.rb": [
        null,
        null,
        1,
        null,
        null,
        null,
        null,
        null
      ],
      "/Users/CK/projects/rails/brew_chat/config/initializers/wrap_parameters.rb": [
        null,
        null,
        null,
        null,
        null,
        null,
        1,
        1,
        null,
        null,
        null,
        1,
        1,
        null
      ],
      "/Users/CK/projects/rails/brew_chat/app/controllers/application_controller.rb": [
        1,
        1,
        null
      ],
      "/Users/CK/projects/rails/brew_chat/app/helpers/application_helper.rb": [
        1,
        null
      ],
      "/Users/CK/projects/rails/brew_chat/app/helpers/messages_helper.rb": [
        1,
        null
      ],
      "/Users/CK/projects/rails/brew_chat/app/controllers/messages_controller.rb": [
        1,
        1,
        1,
        1,
        null,
        null,
        null
      ],
      "/Users/CK/projects/rails/brew_chat/app/models/message.rb": [
        1,
        null
      ],
      "/Users/CK/projects/rails/brew_chat/app/models/channel.rb": [
        1,
        1,
        0,
        null,
        null,
        1,
        0,
        null,
        null,
        1,
        0,
        0,
        0,
        0,
        null,
        null,
        null,
        null,
        null,
        null
      ],
      "/Users/CK/projects/rails/brew_chat/app/workers/message_recorder.rb": [
        1,
        1,
        1,
        1,
        2,
        null,
        null,
        1,
        0,
        0,
        null,
        null,
        null
      ],
      "/Users/CK/projects/rails/brew_chat/config/routes.rb": [
        1,
        1,
        1,
        null
      ]
    },
    "timestamp": 1372435397
  }
}
